#
# A fatal error has been detected by the Java Runtime Environment:
#
#  EXCEPTION_ACCESS_VIOLATION (0xc0000005) at pc=0x00007ffc4c5426c4, pid=16436, tid=12268
#
# JRE version: Java(TM) SE Runtime Environment (24.0.1+9) (build 24.0.1+9-30)
# Java VM: Java HotSpot(TM) 64-Bit Server VM (24.0.1+9-30, mixed mode, sharing, tiered, compressed oops, compressed class ptrs, g1 gc, windows-amd64)
# Problematic frame:
# C  [libasyncProfiler.dll+0x926c4]
#
# No core dump will be written. Minidumps are not enabled by default on client versions of Windows
#
# JFR recording file will be written. Location: C:\Users\Miguel\Documents\GitHub\CookieClicker\hs_err_pid16436.jfr
#
# If you would like to submit a bug report, please visit:
#   https://bugreport.java.com/bugreport/crash.jsp
# The crash happened outside the Java Virtual Machine in native code.
# See problematic frame for where to report the bug.
#

---------------  S U M M A R Y ------------

Command Line: -javaagent:C:\Program Files\JetBrains\IntelliJ IDEA 2025.1.2\lib\idea_rt.jar=50431 -Dfile.encoding=UTF-8 -Dsun.stdout.encoding=UTF-8 -Dsun.stderr.encoding=UTF-8 main.java.Logica.CookieClicker

Host: AMD Ryzen 5 3600 6-Core Processor              , 12 cores, 15G,  Windows 11 , 64 bit Build 26100 (10.0.26100.4202)
Time: Thu Jun 12 23:11:03 2025 Hora de verano romance elapsed time: 3.185088 seconds (0d 0h 0m 3s)

---------------  T H R E A D  ---------------

Current thread (0x00000275ffbc8640):  JavaThread "Attach Listener" daemon [_thread_in_native, id=12268, stack(0x000000f3d7100000,0x000000f3d7200000) (1024K)]

Stack: [0x000000f3d7100000,0x000000f3d7200000],  sp=0x000000f3d71ff0f0,  free space=1020k
Native frames: (J=compiled Java code, j=interpreted, Vv=VM code, C=native code)
C  [libasyncProfiler.dll+0x926c4]  (no source info available)
C  [libasyncProfiler.dll+0x92b9b]  (no source info available)
C  [libasyncProfiler.dll+0x917f4]  (no source info available)
C  [libasyncProfiler.dll+0x9206a]  (no source info available)
C  [libasyncProfiler.dll+0x8cc21]  (no source info available)
C  [libasyncProfiler.dll+0x7e5e1]  (no source info available)
C  [libasyncProfiler.dll+0x7d2f8]  (no source info available)
C  [libasyncProfiler.dll+0x7d1e0]  (no source info available)
C  [libasyncProfiler.dll+0x841b9]  (no source info available)
V  [jvm.dll+0x57eff7]  (no source info available)
V  [jvm.dll+0x57fdac]  (no source info available)
V  [jvm.dll+0x14ca17]  (no source info available)
V  [jvm.dll+0x14dfe1]  (no source info available)
V  [jvm.dll+0x42f456]  (no source info available)
V  [jvm.dll+0x87d76b]  (no source info available)
V  [jvm.dll+0x72ee55]  (no source info available)
C  [ucrtbase.dll+0x37b0]  (no source info available)
C  [KERNEL32.DLL+0x2e8d7]  (no source info available)
C  [ntdll.dll+0x3c34c]  (no source info available)


siginfo: EXCEPTION_ACCESS_VIOLATION (0xc0000005), reading address 0xffffffffffffffff


Registers:
RAX=0x0000000000000010, RBX=0x0000000000000000, RCX=0xffffffffffffffff, RDX=0x007ffc4d10301010
RSP=0x000000f3d71ff0f0, RBP=0x00000275de77a2c0, RSI=0x000000f3d71ff260, RDI=0x00000275de77a2c0
R8 =0x0000000000000042, R9 =0x0000000710a11f68, R10=0x00007ffc4d379fb0, R11=0x0000000000000002
R12=0x000000f3d71ff260, R13=0x00000275de42ca00, R14=0x00000275ffbc8a08, R15=0x00000275ffbc8a08
RIP=0x00007ffc4c5426c4, EFLAGS=0x0000000000010202

XMM[0]=0x0000000000000000 0x0000000000000000
XMM[1]=0x0000000000000000 0x0000000000000000
XMM[2]=0x0000000000000000 0x0000000000000000
XMM[3]=0x0000000000000000 0x0000000000000000
XMM[4]=0x0000000000000000 0x0000000000000000
XMM[5]=0x0000000000000000 0x0000000000000000
XMM[6]=0x0000000000000000 0x0000000000000000
XMM[7]=0x0000000000000000 0x0000000000000000
XMM[8]=0x0000000000000000 0x0000000000000000
XMM[9]=0x0000000000000000 0x0000000000000000
XMM[10]=0x0000000000000000 0x0000000000000000
XMM[11]=0x0000000000000000 0x0000000000000000
XMM[12]=0x0000000000000000 0x0000000000000000
XMM[13]=0x0000000000000000 0x0000000000000000
XMM[14]=0x0000000000000000 0x0000000000000000
XMM[15]=0x0000000000000000 0x0000000000000000
  MXCSR=0x00001fa0


Register to memory mapping:

RAX=0x0000000000000010 is an unknown value
RBX=0x0 is null
RCX=0xffffffffffffffff is an unknown value
RDX=0x007ffc4d10301010 is an unknown value
RSP=0x000000f3d71ff0f0 is pointing into the stack for thread: 0x00000275ffbc8640
RBP=0x00000275de77a2c0 points into unknown readable memory: 0x0000000710a11f68 | 68 1f a1 10 07 00 00 00
RSI=0x000000f3d71ff260 is pointing into the stack for thread: 0x00000275ffbc8640
RDI=0x00000275de77a2c0 points into unknown readable memory: 0x0000000710a11f68 | 68 1f a1 10 07 00 00 00
R8 =0x0000000000000042 is an unknown value
R9 =0x0000000710a11f68 is an oop: java.lang.ref.Reference$ReferenceHandler 
{0x0000000710a11f68} - klass: 'java/lang/ref/Reference$ReferenceHandler' - flags: 

 - ---- fields (total size 14 words):
 - 'threadLocalRandomProbe' 'I' @12  0 (0x00000000)
 - private volatile 'eetop' 'J' @16  2705824965392 (0x00000275ffbc6310)
 - private final 'tid' 'J' @24  14 (0x000000000000000e)
 - 'threadLocalRandomSeed' 'J' @32  0 (0x0000000000000000)
 - injected 'jvmti_thread_state' 'J' @40  2705264277040 (0x00000275de50f630)
 - 'threadLocalRandomSecondarySeed' 'I' @48  0 (0x00000000)
 - injected 'jvmti_VTMS_transition_disable_count' 'I' @52  0 (0x00000000)
 - injected 'jfr_epoch' 'S' @56  0 (0x0000)
 - volatile 'interrupted' 'Z' @58  false (0x00)
 - injected 'jvmti_is_in_VTMS_transition' 'Z' @59  false (0x00)
 - private volatile 'name' 'Ljava/lang/String;' @60  "Reference Handler"{0x00000007ffe0a568} (0xfffc14ad)
 - private volatile 'contextClassLoader' 'Ljava/lang/ClassLoader;' @64  null (0x00000000)
 - private final 'holder' 'Ljava/lang/Thread$FieldHolder;' @68  a 'java/lang/Thread$FieldHolder'{0x0000000710a11fe8} (0xe21423fd)
 - 'threadLocals' 'Ljava/lang/ThreadLocal$ThreadLocalMap;' @72  null (0x00000000)
 - 'inheritableThreadLocals' 'Ljava/lang/ThreadLocal$ThreadLocalMap;' @76  null (0x00000000)
 - private 'scopedValueBindings' 'Ljava/lang/Object;' @80  a 'java/lang/Class'{0x00000007ffe7c890} = 'java/lang/Thread' (0xfffcf912)
 - final 'interruptLock' 'Ljava/lang/Object;' @84  a 'java/lang/Object'{0x0000000710a11fd8} (0xe21423fb)
 - private volatile 'parkBlocker' 'Ljava/lang/Object;' @88  null (0x00000000)
 - private 'nioBlocker' 'Lsun/nio/ch/Interruptible;' @92  null (0x00000000)
 - private 'cont' 'Ljdk/internal/vm/Continuation;' @96  null (0x00000000)
 - private volatile 'uncaughtExceptionHandler' 'Ljava/lang/Thread$UncaughtExceptionHandler;' @100  null (0x00000000)
 - private 'container' 'Ljdk/internal/vm/ThreadContainer;' @104  null (0x00000000)
 - private volatile 'headStackableScopes' 'Ljdk/internal/vm/StackableScope;' @108  null (0x00000000)
R10=0x00007ffc4d379fb0 jvm.dll
R11=0x0000000000000002 is an unknown value
R12=0x000000f3d71ff260 is pointing into the stack for thread: 0x00000275ffbc8640
R13=0x00000275de42ca00 points into unknown readable memory: 0x00007ffc4d2ea510 | 10 a5 2e 4d fc 7f 00 00
R14=0x00000275ffbc8a08 points into unknown readable memory: 0x00007ffc4d2e17b0 | b0 17 2e 4d fc 7f 00 00
R15=0x00000275ffbc8a08 points into unknown readable memory: 0x00007ffc4d2e17b0 | b0 17 2e 4d fc 7f 00 00

Top of Stack: (sp=0x000000f3d71ff0f0)
0x000000f3d71ff0f0:   000000f3d71ff260 00000275de77a2c0   `.........w.u...
0x000000f3d71ff100:   0000000000000000 00000275ffbc8d90   ............u...
0x000000f3d71ff110:   0000000000000032 00007ffc4c542b9b   2........+TL....
0x000000f3d71ff120:   0000000000000000 00000275ffbc8a08   ............u...
0x000000f3d71ff130:   000000f3d71ff201 0000000000000000   ................
0x000000f3d71ff140:   00000275e62df460 00007ffc4c5417f4   `.-.u.....TL....
0x000000f3d71ff150:   0000000000000000 0000000000000032   ........2.......
0x000000f3d71ff160:   0000000000000000 0000000000000032   ........2.......
0x000000f3d71ff170:   0000001600000002 00000275e636ce80   ..........6.u...
0x000000f3d71ff180:   00000275e62df460 00000275e62df528   `.-.u...(.-.u...
0x000000f3d71ff190:   00000275e62df55c 0000000000004010   \.-.u....@......
0x000000f3d71ff1a0:   0000000000000000 0000000000000000   ................
0x000000f3d71ff1b0:   0000000000000000 00007ffc4cb457d4   .........W.L....
0x000000f3d71ff1c0:   00007ffc4c684ca0 0000000000004034   .LhL....4@......
0x000000f3d71ff1d0:   00007ffc4c684ca0 00000000ffffffff   .LhL............
0x000000f3d71ff1e0:   0000000000000000 00007ffc4c54206a   ........j TL....
0x000000f3d71ff1f0:   00000275ffbc8a08 0000000000000000   ....u...........
0x000000f3d71ff200:   000000f3d71ff269 00000275de42ca00   i.........B.u...
0x000000f3d71ff210:   0000000000000004 0000000000000048   ........H.......
0x000000f3d71ff220:   0000000800800310 0000000000000020   ........ .......
0x000000f3d71ff230:   00000275ffbc8a08 00007ffc4c684ca0   ....u....LhL....
0x000000f3d71ff240:   00000275f7885c90 00000275de50f630   .\..u...0.P.u...
0x000000f3d71ff250:   0000000800800390 00000275ffbc8a08   ............u...
0x000000f3d71ff260:   00000275e7f07650 00000275e7f07c90   Pv..u....|..u...
0x000000f3d71ff270:   00000275e7f07c90 00007ffc4c684ca0   .|..u....LhL....
0x000000f3d71ff280:   00000275de5d1d18 000000f3d71ff3f8   ..].u...........
0x000000f3d71ff290:   000000f3d71ff530 0000000000008840   0.......@.......
0x000000f3d71ff2a0:   000000f3d71ff710 00007ffc4c684cf0   .........LhL....
0x000000f3d71ff2b0:   0000000000989680 0000000000989680   ................
0x000000f3d71ff2c0:   000000f3d71ff3d0 00007ffc4c53cc21   ........!.SL....
0x000000f3d71ff2d0:   00007ffc4c684ca0 00007ffc4c684cf8   .LhL.....LhL....
0x000000f3d71ff2e0:   00007ffc00000000 00007ffc00000001   ................

Instructions: (pc=0x00007ffc4c5426c4)
  0x00007ffc4c5425c4:   cc cc cc cc cc cc cc cc cc cc cc cc cc cc cc cc
  0x00007ffc4c5425d4:   cc cc cc cc cc cc cc cc cc cc cc cc cc cc cc cc
  0x00007ffc4c5425e4:   cc cc cc cc cc cc cc cc cc cc cc cc cc cc cc cc
  0x00007ffc4c5425f4:   cc cc cc cc cc cc cc cc cc cc cc cc cc cc cc cc
  0x00007ffc4c542604:   cc cc cc cc cc cc cc cc cc cc cc cc cc cc cc cc
  0x00007ffc4c542614:   cc cc cc cc cc cc cc cc cc cc cc cc cc cc cc cc
  0x00007ffc4c542624:   cc cc cc cc cc cc cc cc cc cc cc cc cc cc cc cc
  0x00007ffc4c542634:   cc cc cc cc cc cc cc cc cc cc cc cc cc cc cc cc
  0x00007ffc4c542644:   cc cc cc cc cc cc cc cc cc cc cc cc 40 57 48 83
  0x00007ffc4c542654:   ec 20 48 8b f9 48 8b 0d 10 28 14 00 48 85 c9 74
  0x00007ffc4c542664:   20 48 8b 01 48 8d 54 24 38 41 b8 06 00 01 00 4c
  0x00007ffc4c542674:   8b 48 30 41 ff d1 85 c0 75 07 48 8b 4c 24 38 eb
  0x00007ffc4c542684:   02 33 c9 4c 8b 05 ea 28 14 00 48 89 5c 24 30 4d
  0x00007ffc4c542694:   85 c0 74 4a 48 8b 01 48 8b d7 4c 8b 88 28 03 00
  0x00007ffc4c5426a4:   00 41 ff d1 48 85 c0 74 35 48 63 0d f8 e6 13 00
  0x00007ffc4c5426b4:   48 8b 14 01 48 85 d2 74 15 48 63 05 fc e6 13 00
=>0x00007ffc4c5426c4:   8b 04 10 48 8b 5c 24 30 48 83 c4 20 5f c3 b8 ff
  0x00007ffc4c5426d4:   ff ff ff 48 8b 5c 24 30 48 83 c4 20 5f c3 80 3d
  0x00007ffc4c5426e4:   9b 27 14 00 00 bb ff ff ff ff 74 20 4c 8b 0d 31
  0x00007ffc4c5426f4:   24 14 00 4c 8d 44 24 38 48 8b 0d 15 24 14 00 48
  0x00007ffc4c542704:   8b d7 41 ff d1 85 c0 0f 44 5c 24 38 8b c3 48 8b
  0x00007ffc4c542714:   5c 24 30 48 83 c4 20 5f c3 cc cc cc cc cc cc cc
  0x00007ffc4c542724:   cc cc cc cc cc cc cc cc cc cc cc cc cc cc cc cc
  0x00007ffc4c542734:   cc cc cc cc cc cc cc cc cc cc cc cc cc cc cc cc
  0x00007ffc4c542744:   cc cc cc cc cc cc cc cc cc cc cc cc 48 89 54 24
  0x00007ffc4c542754:   10 53 55 56 57 41 56 41 57 48 83 ec 28 48 8b f2
  0x00007ffc4c542764:   4c 8b f1 48 89 4c 24 78 45 33 ff 44 89 7c 24 68
  0x00007ffc4c542774:   c7 44 24 60 01 00 00 00 48 8d 4c 24 68 e8 ed 42
  0x00007ffc4c542784:   f7 ff 8b d8 48 8d 4c 24 60 e8 e1 42 f7 ff 8b e8
  0x00007ffc4c542794:   49 8b ce e8 00 fc f6 ff 48 8b f8 90 8b c3 f0 0f
  0x00007ffc4c5427a4:   b1 2f 74 04 f3 90 eb f4 4c 89 3e 4c 89 7e 08 4c
  0x00007ffc4c5427b4:   89 7e 10 49 8b 6e 08 4d 8b 76 10 49 3b ee 0f 84


Stack slot to memory mapping:

stack at sp + 0 slots: 0x000000f3d71ff260 is pointing into the stack for thread: 0x00000275ffbc8640
stack at sp + 1 slots: 0x00000275de77a2c0 points into unknown readable memory: 0x0000000710a11f68 | 68 1f a1 10 07 00 00 00
stack at sp + 2 slots: 0x0 is null
stack at sp + 3 slots: 0x00000275ffbc8d90 points into unknown readable memory: 0x6e616c2e6176616a | 6a 61 76 61 2e 6c 61 6e
stack at sp + 4 slots: 0x0000000000000032 is an unknown value
stack at sp + 5 slots: 0x00007ffc4c542b9b libasyncProfiler.dll
stack at sp + 6 slots: 0x0 is null
stack at sp + 7 slots: 0x00000275ffbc8a08 points into unknown readable memory: 0x00007ffc4d2e17b0 | b0 17 2e 4d fc 7f 00 00

Lock stack of current Java thread (top to bottom):


---------------  P R O C E S S  ---------------

Threads class SMR info:
_java_thread_list=0x00000275e63641a0, length=28, elements={
0x00000275ffbc6310, 0x00000275ffbc6a50, 0x00000275ffbc7910, 0x00000275ffbc8640,
0x00000275ffbc9170, 0x00000275ffbc9dd0, 0x00000275ffbddb00, 0x00000275ffbe03a0,
0x00000275979a6060, 0x00000275979c8d60, 0x0000027597a320d0, 0x0000027597be1b80,
0x0000027597ab5650, 0x00000275dd397dd0, 0x00000275dd55f2c0, 0x00000275ddad6900,
0x00000275ddb2b200, 0x00000275dd84ba80, 0x00000275dd9bb0b0, 0x00000275dd9b9ac0,
0x00000275dd9b9370, 0x00000275dd9ba960, 0x00000275dd9ba210, 0x00000275dd9bb800,
0x00000275ffbe2970, 0x00000275ffbe3100, 0x00000275de1a4d40, 0x00000275de1a6a80
}

Java Threads: ( => current thread )
  0x00000275ffbc6310 JavaThread "Reference Handler"          daemon [_thread_blocked, id=4440, stack(0x000000f3d6e00000,0x000000f3d6f00000) (1024K)]
  0x00000275ffbc6a50 JavaThread "Finalizer"                  daemon [_thread_blocked, id=1640, stack(0x000000f3d6f00000,0x000000f3d7000000) (1024K)]
  0x00000275ffbc7910 JavaThread "Signal Dispatcher"          daemon [_thread_blocked, id=17896, stack(0x000000f3d7000000,0x000000f3d7100000) (1024K)]
=>0x00000275ffbc8640 JavaThread "Attach Listener"            daemon [_thread_in_native, id=12268, stack(0x000000f3d7100000,0x000000f3d7200000) (1024K)]
  0x00000275ffbc9170 JavaThread "Service Thread"             daemon [_thread_blocked, id=15728, stack(0x000000f3d7200000,0x000000f3d7300000) (1024K)]
  0x00000275ffbc9dd0 JavaThread "Monitor Deflation Thread"   daemon [_thread_blocked, id=7692, stack(0x000000f3d7300000,0x000000f3d7400000) (1024K)]
  0x00000275ffbddb00 JavaThread "C2 CompilerThread0"         daemon [_thread_blocked, id=11764, stack(0x000000f3d7400000,0x000000f3d7500000) (1024K)]
  0x00000275ffbe03a0 JavaThread "C1 CompilerThread0"         daemon [_thread_blocked, id=1472, stack(0x000000f3d7500000,0x000000f3d7600000) (1024K)]
  0x00000275979a6060 JavaThread "Common-Cleaner"             daemon [_thread_blocked, id=4644, stack(0x000000f3d7600000,0x000000f3d7700000) (1024K)]
  0x00000275979c8d60 JavaThread "Monitor Ctrl-Break"         daemon [_thread_in_native, id=13024, stack(0x000000f3d7700000,0x000000f3d7800000) (1024K)]
  0x0000027597a320d0 JavaThread "Notification Thread"        daemon [_thread_blocked, id=1660, stack(0x000000f3d7800000,0x000000f3d7900000) (1024K)]
  0x0000027597be1b80 JavaThread "pool-1-thread-1"                   [_thread_blocked, id=8568, stack(0x000000f3d7900000,0x000000f3d7a00000) (1024K)]
  0x0000027597ab5650 JavaThread "Java2D Disposer"            daemon [_thread_blocked, id=2184, stack(0x000000f3d7a00000,0x000000f3d7b00000) (1024K)]
  0x00000275dd397dd0 JavaThread "AWT-Shutdown"                      [_thread_blocked, id=2752, stack(0x000000f3d7b00000,0x000000f3d7c00000) (1024K)]
  0x00000275dd55f2c0 JavaThread "AWT-Windows"                daemon [_thread_in_native, id=3936, stack(0x000000f3d7c00000,0x000000f3d7d00000) (1024K)]
  0x00000275ddad6900 JavaThread "RMI TCP Accept-0"           daemon [_thread_in_native, id=1460, stack(0x000000f3d8000000,0x000000f3d8100000) (1024K)]
  0x00000275ddb2b200 JavaThread "RMI TCP Connection(1)-192.168.1.41" daemon [_thread_in_native, id=2344, stack(0x000000f3d8100000,0x000000f3d8200000) (1024K)]
  0x00000275dd84ba80 JavaThread "RMI Scheduler(0)"           daemon [_thread_blocked, id=17904, stack(0x000000f3d8200000,0x000000f3d8300000) (1024K)]
  0x00000275dd9bb0b0 JavaThread "JMX server connection timeout 37" daemon [_thread_blocked, id=18264, stack(0x000000f3d8300000,0x000000f3d8400000) (1024K)]
  0x00000275dd9b9ac0 JavaThread "Image Fetcher 0"            daemon [_thread_blocked, id=15912, stack(0x000000f3d8500000,0x000000f3d8600000) (1024K)]
  0x00000275dd9b9370 JavaThread "AWT-EventQueue-0"                  [_thread_blocked, id=6088, stack(0x000000f3d8600000,0x000000f3d8700000) (1024K)]
  0x00000275dd9ba960 JavaThread "TimerQueue"                 daemon [_thread_blocked, id=3136, stack(0x000000f3d8700000,0x000000f3d8800000) (1024K)]
  0x00000275dd9ba210 JavaThread "DestroyJavaVM"                     [_thread_blocked, id=14932, stack(0x000000f3d6600000,0x000000f3d6700000) (1024K)]
  0x00000275dd9bb800 JavaThread "D3D Screen Updater"         daemon [_thread_blocked, id=9980, stack(0x000000f3d8800000,0x000000f3d8900000) (1024K)]
  0x00000275ffbe2970 JavaThread "C2 CompilerThread1"         daemon [_thread_blocked, id=3384, stack(0x000000f3d7d50000,0x000000f3d7e50000) (1024K)]
  0x00000275ffbe3100 JavaThread "C2 CompilerThread2"         daemon [_thread_blocked, id=7892, stack(0x000000f3d8900000,0x000000f3d8a00000) (1024K)]
  0x00000275de1a4d40 JavaThread "JFR Recorder Thread"        daemon [_thread_in_native, id=9536, stack(0x000000f3d8a00000,0x000000f3d8b00000) (1024K)]
  0x00000275de1a6a80 JavaThread "JFR Periodic Tasks"         daemon [_thread_blocked, id=16400, stack(0x000000f3d8b00000,0x000000f3d8c00000) (1024K)]
Total: 28

Other Threads:
  0x00000275ffbb5ad0 VMThread "VM Thread"                           [id=9868, stack(0x000000f3d6d00000,0x000000f3d6e00000) (1024K)]
  0x00000275ffa827a0 WatcherThread "VM Periodic Task Thread"        [id=2296, stack(0x000000f3d6c00000,0x000000f3d6d00000) (1024K)]
  0x00000275f555e030 WorkerThread "GC Thread#0"                     [id=8944, stack(0x000000f3d6700000,0x000000f3d6800000) (1024K)]
  0x00000275f7852da0 ConcurrentGCThread "G1 Main Marker"            [id=12376, stack(0x000000f3d6800000,0x000000f3d6900000) (1024K)]
  0x00000275f7856d00 WorkerThread "G1 Conc#0"                       [id=1712, stack(0x000000f3d6900000,0x000000f3d6a00000) (1024K)]
  0x00000275ffa74990 ConcurrentGCThread "G1 Refine#0"               [id=4696, stack(0x000000f3d6a00000,0x000000f3d6b00000) (1024K)]
  0x00000275ffa751c0 ConcurrentGCThread "G1 Service"                [id=3048, stack(0x000000f3d6b00000,0x000000f3d6c00000) (1024K)]
Total: 7

Threads with active compile tasks:
Total: 0

VM state: not at safepoint (normal execution)

VM Mutex/Monitor currently owned by a thread: None

Heap address: 0x0000000700c00000, size: 4084 MB, Compressed Oops mode: Zero based, Oop shift amount: 3

CDS archive(s) mapped at: [0x0000027598000000-0x0000027598d40000-0x0000027598d40000), size 13893632, SharedBaseAddress: 0x0000027598000000, ArchiveRelocationMode: 1.
Compressed class space mapped at: 0x0000027599000000-0x00000275d9000000, reserved size: 1073741824
UseCompressedClassPointers 1, UseCompactObjectHeaders 0
Narrow klass pointer bits 32, Max shift 3
Narrow klass base: 0x0000027598000000, Narrow klass shift: 0
Encoding Range: [0x0000027598000000 - 0x0000027698000000), (4294967296 bytes)
Klass Range:    [0x0000027598000000 - 0x00000275d9000000), (1090519040 bytes)
Klass ID Range:  [8 - 1090519033) (1090519025)

GC Precious Log:
 CardTable entry size: 512
 Card Set container configuration: InlinePtr #cards 4 size 8 Array Of Cards #cards 16 size 48 Howl #buckets 8 coarsen threshold 3686 Howl Bitmap #cards 512 size 80 coarsen threshold 460 Card regions per heap region 1 cards per card region 4096
 CPUs: 12 total, 12 available
 Memory: 16330M
 Large Page Support: Disabled
 NUMA Support: Disabled
 Compressed Oops: Enabled (Zero based)
 Heap Region Size: 2M
 Heap Min Capacity: 8M
 Heap Initial Capacity: 256M
 Heap Max Capacity: 4084M
 Pre-touch: Disabled
 Parallel Workers: 10
 Concurrent Workers: 3
 Concurrent Refinement Workers: 10
 Periodic GC: Disabled

Heap:
 garbage-first heap   total reserved 4182016K, committed 264192K, used 54388K [0x0000000700c00000, 0x0000000800000000)
  region size 2048K, 24 young (49152K), 0 survivors (0K)
 Metaspace       used 16895K, committed 17216K, reserved 1114112K
  class space    used 1634K, committed 1728K, reserved 1048576K

Heap Regions: E=young(eden), S=young(survivor), O=old, HS=humongous(starts), HC=humongous(continues), CS=collection set, F=free, TAMS=top-at-mark-start, PB=parsable bottom
|   0|0x0000000700c00000, 0x0000000700e00000, 0x0000000700e00000|100%|HS|  |TAMS 0x0000000700c00000| PB 0x0000000700c00000| Complete |  0
|   1|0x0000000700e00000, 0x0000000701000000, 0x0000000701000000|100%|HC|  |TAMS 0x0000000700e00000| PB 0x0000000700e00000| Complete |  0
|   2|0x0000000701000000, 0x0000000701200000, 0x0000000701200000|100%|HC|  |TAMS 0x0000000701000000| PB 0x0000000701000000| Complete |  0
|   3|0x0000000701200000, 0x0000000701200000, 0x0000000701400000|  0%| F|  |TAMS 0x0000000701200000| PB 0x0000000701200000| Untracked |  0
|   4|0x0000000701400000, 0x0000000701400000, 0x0000000701600000|  0%| F|  |TAMS 0x0000000701400000| PB 0x0000000701400000| Untracked |  0
|   5|0x0000000701600000, 0x0000000701600000, 0x0000000701800000|  0%| F|  |TAMS 0x0000000701600000| PB 0x0000000701600000| Untracked |  0
|   6|0x0000000701800000, 0x0000000701800000, 0x0000000701a00000|  0%| F|  |TAMS 0x0000000701800000| PB 0x0000000701800000| Untracked |  0
|   7|0x0000000701a00000, 0x0000000701a00000, 0x0000000701c00000|  0%| F|  |TAMS 0x0000000701a00000| PB 0x0000000701a00000| Untracked |  0
|   8|0x0000000701c00000, 0x0000000701c00000, 0x0000000701e00000|  0%| F|  |TAMS 0x0000000701c00000| PB 0x0000000701c00000| Untracked |  0
|   9|0x0000000701e00000, 0x0000000701e00000, 0x0000000702000000|  0%| F|  |TAMS 0x0000000701e00000| PB 0x0000000701e00000| Untracked |  0
|  10|0x0000000702000000, 0x0000000702000000, 0x0000000702200000|  0%| F|  |TAMS 0x0000000702000000| PB 0x0000000702000000| Untracked |  0
|  11|0x0000000702200000, 0x0000000702200000, 0x0000000702400000|  0%| F|  |TAMS 0x0000000702200000| PB 0x0000000702200000| Untracked |  0
|  12|0x0000000702400000, 0x0000000702400000, 0x0000000702600000|  0%| F|  |TAMS 0x0000000702400000| PB 0x0000000702400000| Untracked |  0
|  13|0x0000000702600000, 0x0000000702600000, 0x0000000702800000|  0%| F|  |TAMS 0x0000000702600000| PB 0x0000000702600000| Untracked |  0
|  14|0x0000000702800000, 0x0000000702800000, 0x0000000702a00000|  0%| F|  |TAMS 0x0000000702800000| PB 0x0000000702800000| Untracked |  0
|  15|0x0000000702a00000, 0x0000000702a00000, 0x0000000702c00000|  0%| F|  |TAMS 0x0000000702a00000| PB 0x0000000702a00000| Untracked |  0
|  16|0x0000000702c00000, 0x0000000702c00000, 0x0000000702e00000|  0%| F|  |TAMS 0x0000000702c00000| PB 0x0000000702c00000| Untracked |  0
|  17|0x0000000702e00000, 0x0000000702e00000, 0x0000000703000000|  0%| F|  |TAMS 0x0000000702e00000| PB 0x0000000702e00000| Untracked |  0
|  18|0x0000000703000000, 0x0000000703000000, 0x0000000703200000|  0%| F|  |TAMS 0x0000000703000000| PB 0x0000000703000000| Untracked |  0
|  19|0x0000000703200000, 0x0000000703200000, 0x0000000703400000|  0%| F|  |TAMS 0x0000000703200000| PB 0x0000000703200000| Untracked |  0
|  20|0x0000000703400000, 0x0000000703400000, 0x0000000703600000|  0%| F|  |TAMS 0x0000000703400000| PB 0x0000000703400000| Untracked |  0
|  21|0x0000000703600000, 0x0000000703600000, 0x0000000703800000|  0%| F|  |TAMS 0x0000000703600000| PB 0x0000000703600000| Untracked |  0
|  22|0x0000000703800000, 0x0000000703800000, 0x0000000703a00000|  0%| F|  |TAMS 0x0000000703800000| PB 0x0000000703800000| Untracked |  0
|  23|0x0000000703a00000, 0x0000000703a00000, 0x0000000703c00000|  0%| F|  |TAMS 0x0000000703a00000| PB 0x0000000703a00000| Untracked |  0
|  24|0x0000000703c00000, 0x0000000703c00000, 0x0000000703e00000|  0%| F|  |TAMS 0x0000000703c00000| PB 0x0000000703c00000| Untracked |  0
|  25|0x0000000703e00000, 0x0000000703e00000, 0x0000000704000000|  0%| F|  |TAMS 0x0000000703e00000| PB 0x0000000703e00000| Untracked |  0
|  26|0x0000000704000000, 0x0000000704000000, 0x0000000704200000|  0%| F|  |TAMS 0x0000000704000000| PB 0x0000000704000000| Untracked |  0
|  27|0x0000000704200000, 0x0000000704200000, 0x0000000704400000|  0%| F|  |TAMS 0x0000000704200000| PB 0x0000000704200000| Untracked |  0
|  28|0x0000000704400000, 0x0000000704400000, 0x0000000704600000|  0%| F|  |TAMS 0x0000000704400000| PB 0x0000000704400000| Untracked |  0
|  29|0x0000000704600000, 0x0000000704600000, 0x0000000704800000|  0%| F|  |TAMS 0x0000000704600000| PB 0x0000000704600000| Untracked |  0
|  30|0x0000000704800000, 0x0000000704800000, 0x0000000704a00000|  0%| F|  |TAMS 0x0000000704800000| PB 0x0000000704800000| Untracked |  0
|  31|0x0000000704a00000, 0x0000000704a00000, 0x0000000704c00000|  0%| F|  |TAMS 0x0000000704a00000| PB 0x0000000704a00000| Untracked |  0
|  32|0x0000000704c00000, 0x0000000704c00000, 0x0000000704e00000|  0%| F|  |TAMS 0x0000000704c00000| PB 0x0000000704c00000| Untracked |  0
|  33|0x0000000704e00000, 0x0000000704e00000, 0x0000000705000000|  0%| F|  |TAMS 0x0000000704e00000| PB 0x0000000704e00000| Untracked |  0
|  34|0x0000000705000000, 0x0000000705000000, 0x0000000705200000|  0%| F|  |TAMS 0x0000000705000000| PB 0x0000000705000000| Untracked |  0
|  35|0x0000000705200000, 0x0000000705200000, 0x0000000705400000|  0%| F|  |TAMS 0x0000000705200000| PB 0x0000000705200000| Untracked |  0
|  36|0x0000000705400000, 0x0000000705400000, 0x0000000705600000|  0%| F|  |TAMS 0x0000000705400000| PB 0x0000000705400000| Untracked |  0
|  37|0x0000000705600000, 0x0000000705600000, 0x0000000705800000|  0%| F|  |TAMS 0x0000000705600000| PB 0x0000000705600000| Untracked |  0
|  38|0x0000000705800000, 0x0000000705800000, 0x0000000705a00000|  0%| F|  |TAMS 0x0000000705800000| PB 0x0000000705800000| Untracked |  0
|  39|0x0000000705a00000, 0x0000000705a00000, 0x0000000705c00000|  0%| F|  |TAMS 0x0000000705a00000| PB 0x0000000705a00000| Untracked |  0
|  40|0x0000000705c00000, 0x0000000705c00000, 0x0000000705e00000|  0%| F|  |TAMS 0x0000000705c00000| PB 0x0000000705c00000| Untracked |  0
|  41|0x0000000705e00000, 0x0000000705e00000, 0x0000000706000000|  0%| F|  |TAMS 0x0000000705e00000| PB 0x0000000705e00000| Untracked |  0
|  42|0x0000000706000000, 0x0000000706000000, 0x0000000706200000|  0%| F|  |TAMS 0x0000000706000000| PB 0x0000000706000000| Untracked |  0
|  43|0x0000000706200000, 0x0000000706200000, 0x0000000706400000|  0%| F|  |TAMS 0x0000000706200000| PB 0x0000000706200000| Untracked |  0
|  44|0x0000000706400000, 0x0000000706400000, 0x0000000706600000|  0%| F|  |TAMS 0x0000000706400000| PB 0x0000000706400000| Untracked |  0
|  45|0x0000000706600000, 0x0000000706600000, 0x0000000706800000|  0%| F|  |TAMS 0x0000000706600000| PB 0x0000000706600000| Untracked |  0
|  46|0x0000000706800000, 0x0000000706800000, 0x0000000706a00000|  0%| F|  |TAMS 0x0000000706800000| PB 0x0000000706800000| Untracked |  0
|  47|0x0000000706a00000, 0x0000000706a00000, 0x0000000706c00000|  0%| F|  |TAMS 0x0000000706a00000| PB 0x0000000706a00000| Untracked |  0
|  48|0x0000000706c00000, 0x0000000706c00000, 0x0000000706e00000|  0%| F|  |TAMS 0x0000000706c00000| PB 0x0000000706c00000| Untracked |  0
|  49|0x0000000706e00000, 0x0000000706e00000, 0x0000000707000000|  0%| F|  |TAMS 0x0000000706e00000| PB 0x0000000706e00000| Untracked |  0
|  50|0x0000000707000000, 0x0000000707000000, 0x0000000707200000|  0%| F|  |TAMS 0x0000000707000000| PB 0x0000000707000000| Untracked |  0
|  51|0x0000000707200000, 0x0000000707200000, 0x0000000707400000|  0%| F|  |TAMS 0x0000000707200000| PB 0x0000000707200000| Untracked |  0
|  52|0x0000000707400000, 0x0000000707400000, 0x0000000707600000|  0%| F|  |TAMS 0x0000000707400000| PB 0x0000000707400000| Untracked |  0
|  53|0x0000000707600000, 0x0000000707600000, 0x0000000707800000|  0%| F|  |TAMS 0x0000000707600000| PB 0x0000000707600000| Untracked |  0
|  54|0x0000000707800000, 0x0000000707800000, 0x0000000707a00000|  0%| F|  |TAMS 0x0000000707800000| PB 0x0000000707800000| Untracked |  0
|  55|0x0000000707a00000, 0x0000000707a00000, 0x0000000707c00000|  0%| F|  |TAMS 0x0000000707a00000| PB 0x0000000707a00000| Untracked |  0
|  56|0x0000000707c00000, 0x0000000707c00000, 0x0000000707e00000|  0%| F|  |TAMS 0x0000000707c00000| PB 0x0000000707c00000| Untracked |  0
|  57|0x0000000707e00000, 0x0000000707e00000, 0x0000000708000000|  0%| F|  |TAMS 0x0000000707e00000| PB 0x0000000707e00000| Untracked |  0
|  58|0x0000000708000000, 0x0000000708000000, 0x0000000708200000|  0%| F|  |TAMS 0x0000000708000000| PB 0x0000000708000000| Untracked |  0
|  59|0x0000000708200000, 0x0000000708200000, 0x0000000708400000|  0%| F|  |TAMS 0x0000000708200000| PB 0x0000000708200000| Untracked |  0
|  60|0x0000000708400000, 0x0000000708400000, 0x0000000708600000|  0%| F|  |TAMS 0x0000000708400000| PB 0x0000000708400000| Untracked |  0
|  61|0x0000000708600000, 0x0000000708600000, 0x0000000708800000|  0%| F|  |TAMS 0x0000000708600000| PB 0x0000000708600000| Untracked |  0
|  62|0x0000000708800000, 0x0000000708800000, 0x0000000708a00000|  0%| F|  |TAMS 0x0000000708800000| PB 0x0000000708800000| Untracked |  0
|  63|0x0000000708a00000, 0x0000000708a00000, 0x0000000708c00000|  0%| F|  |TAMS 0x0000000708a00000| PB 0x0000000708a00000| Untracked |  0
|  64|0x0000000708c00000, 0x0000000708c00000, 0x0000000708e00000|  0%| F|  |TAMS 0x0000000708c00000| PB 0x0000000708c00000| Untracked |  0
|  65|0x0000000708e00000, 0x0000000708e00000, 0x0000000709000000|  0%| F|  |TAMS 0x0000000708e00000| PB 0x0000000708e00000| Untracked |  0
|  66|0x0000000709000000, 0x0000000709000000, 0x0000000709200000|  0%| F|  |TAMS 0x0000000709000000| PB 0x0000000709000000| Untracked |  0
|  67|0x0000000709200000, 0x0000000709200000, 0x0000000709400000|  0%| F|  |TAMS 0x0000000709200000| PB 0x0000000709200000| Untracked |  0
|  68|0x0000000709400000, 0x0000000709400000, 0x0000000709600000|  0%| F|  |TAMS 0x0000000709400000| PB 0x0000000709400000| Untracked |  0
|  69|0x0000000709600000, 0x0000000709600000, 0x0000000709800000|  0%| F|  |TAMS 0x0000000709600000| PB 0x0000000709600000| Untracked |  0
|  70|0x0000000709800000, 0x0000000709800000, 0x0000000709a00000|  0%| F|  |TAMS 0x0000000709800000| PB 0x0000000709800000| Untracked |  0
|  71|0x0000000709a00000, 0x0000000709a00000, 0x0000000709c00000|  0%| F|  |TAMS 0x0000000709a00000| PB 0x0000000709a00000| Untracked |  0
|  72|0x0000000709c00000, 0x0000000709c00000, 0x0000000709e00000|  0%| F|  |TAMS 0x0000000709c00000| PB 0x0000000709c00000| Untracked |  0
|  73|0x0000000709e00000, 0x0000000709e00000, 0x000000070a000000|  0%| F|  |TAMS 0x0000000709e00000| PB 0x0000000709e00000| Untracked |  0
|  74|0x000000070a000000, 0x000000070a000000, 0x000000070a200000|  0%| F|  |TAMS 0x000000070a000000| PB 0x000000070a000000| Untracked |  0
|  75|0x000000070a200000, 0x000000070a200000, 0x000000070a400000|  0%| F|  |TAMS 0x000000070a200000| PB 0x000000070a200000| Untracked |  0
|  76|0x000000070a400000, 0x000000070a400000, 0x000000070a600000|  0%| F|  |TAMS 0x000000070a400000| PB 0x000000070a400000| Untracked |  0
|  77|0x000000070a600000, 0x000000070a600000, 0x000000070a800000|  0%| F|  |TAMS 0x000000070a600000| PB 0x000000070a600000| Untracked |  0
|  78|0x000000070a800000, 0x000000070a800000, 0x000000070aa00000|  0%| F|  |TAMS 0x000000070a800000| PB 0x000000070a800000| Untracked |  0
|  79|0x000000070aa00000, 0x000000070aa00000, 0x000000070ac00000|  0%| F|  |TAMS 0x000000070aa00000| PB 0x000000070aa00000| Untracked |  0
|  80|0x000000070ac00000, 0x000000070ac00000, 0x000000070ae00000|  0%| F|  |TAMS 0x000000070ac00000| PB 0x000000070ac00000| Untracked |  0
|  81|0x000000070ae00000, 0x000000070ae00000, 0x000000070b000000|  0%| F|  |TAMS 0x000000070ae00000| PB 0x000000070ae00000| Untracked |  0
|  82|0x000000070b000000, 0x000000070b000000, 0x000000070b200000|  0%| F|  |TAMS 0x000000070b000000| PB 0x000000070b000000| Untracked |  0
|  83|0x000000070b200000, 0x000000070b200000, 0x000000070b400000|  0%| F|  |TAMS 0x000000070b200000| PB 0x000000070b200000| Untracked |  0
|  84|0x000000070b400000, 0x000000070b400000, 0x000000070b600000|  0%| F|  |TAMS 0x000000070b400000| PB 0x000000070b400000| Untracked |  0
|  85|0x000000070b600000, 0x000000070b600000, 0x000000070b800000|  0%| F|  |TAMS 0x000000070b600000| PB 0x000000070b600000| Untracked |  0
|  86|0x000000070b800000, 0x000000070b800000, 0x000000070ba00000|  0%| F|  |TAMS 0x000000070b800000| PB 0x000000070b800000| Untracked |  0
|  87|0x000000070ba00000, 0x000000070ba00000, 0x000000070bc00000|  0%| F|  |TAMS 0x000000070ba00000| PB 0x000000070ba00000| Untracked |  0
|  88|0x000000070bc00000, 0x000000070bc00000, 0x000000070be00000|  0%| F|  |TAMS 0x000000070bc00000| PB 0x000000070bc00000| Untracked |  0
|  89|0x000000070be00000, 0x000000070be00000, 0x000000070c000000|  0%| F|  |TAMS 0x000000070be00000| PB 0x000000070be00000| Untracked |  0
|  90|0x000000070c000000, 0x000000070c000000, 0x000000070c200000|  0%| F|  |TAMS 0x000000070c000000| PB 0x000000070c000000| Untracked |  0
|  91|0x000000070c200000, 0x000000070c200000, 0x000000070c400000|  0%| F|  |TAMS 0x000000070c200000| PB 0x000000070c200000| Untracked |  0
|  92|0x000000070c400000, 0x000000070c400000, 0x000000070c600000|  0%| F|  |TAMS 0x000000070c400000| PB 0x000000070c400000| Untracked |  0
|  93|0x000000070c600000, 0x000000070c600000, 0x000000070c800000|  0%| F|  |TAMS 0x000000070c600000| PB 0x000000070c600000| Untracked |  0
|  94|0x000000070c800000, 0x000000070c800000, 0x000000070ca00000|  0%| F|  |TAMS 0x000000070c800000| PB 0x000000070c800000| Untracked |  0
|  95|0x000000070ca00000, 0x000000070ca00000, 0x000000070cc00000|  0%| F|  |TAMS 0x000000070ca00000| PB 0x000000070ca00000| Untracked |  0
|  96|0x000000070cc00000, 0x000000070cc00000, 0x000000070ce00000|  0%| F|  |TAMS 0x000000070cc00000| PB 0x000000070cc00000| Untracked |  0
|  97|0x000000070ce00000, 0x000000070ce00000, 0x000000070d000000|  0%| F|  |TAMS 0x000000070ce00000| PB 0x000000070ce00000| Untracked |  0
|  98|0x000000070d000000, 0x000000070d000000, 0x000000070d200000|  0%| F|  |TAMS 0x000000070d000000| PB 0x000000070d000000| Untracked |  0
|  99|0x000000070d200000, 0x000000070d200000, 0x000000070d400000|  0%| F|  |TAMS 0x000000070d200000| PB 0x000000070d200000| Untracked |  0
| 100|0x000000070d400000, 0x000000070d400000, 0x000000070d600000|  0%| F|  |TAMS 0x000000070d400000| PB 0x000000070d400000| Untracked |  0
| 101|0x000000070d600000, 0x000000070d600000, 0x000000070d800000|  0%| F|  |TAMS 0x000000070d600000| PB 0x000000070d600000| Untracked |  0
| 102|0x000000070d800000, 0x000000070d800000, 0x000000070da00000|  0%| F|  |TAMS 0x000000070d800000| PB 0x000000070d800000| Untracked |  0
| 103|0x000000070da00000, 0x000000070da00000, 0x000000070dc00000|  0%| F|  |TAMS 0x000000070da00000| PB 0x000000070da00000| Untracked |  0
| 104|0x000000070dc00000, 0x000000070ddebd10, 0x000000070de00000| 96%| E|  |TAMS 0x000000070dc00000| PB 0x000000070dc00000| Complete |  0
| 105|0x000000070de00000, 0x000000070e000000, 0x000000070e000000|100%| E|CS|TAMS 0x000000070de00000| PB 0x000000070de00000| Complete |  0
| 106|0x000000070e000000, 0x000000070e200000, 0x000000070e200000|100%| E|CS|TAMS 0x000000070e000000| PB 0x000000070e000000| Complete |  0
| 107|0x000000070e200000, 0x000000070e400000, 0x000000070e400000|100%| E|CS|TAMS 0x000000070e200000| PB 0x000000070e200000| Complete |  0
| 108|0x000000070e400000, 0x000000070e600000, 0x000000070e600000|100%| E|CS|TAMS 0x000000070e400000| PB 0x000000070e400000| Complete |  0
| 109|0x000000070e600000, 0x000000070e800000, 0x000000070e800000|100%| E|CS|TAMS 0x000000070e600000| PB 0x000000070e600000| Complete |  0
| 110|0x000000070e800000, 0x000000070ea00000, 0x000000070ea00000|100%| E|CS|TAMS 0x000000070e800000| PB 0x000000070e800000| Complete |  0
| 111|0x000000070ea00000, 0x000000070ec00000, 0x000000070ec00000|100%| E|CS|TAMS 0x000000070ea00000| PB 0x000000070ea00000| Complete |  0
| 112|0x000000070ec00000, 0x000000070ee00000, 0x000000070ee00000|100%| E|CS|TAMS 0x000000070ec00000| PB 0x000000070ec00000| Complete |  0
| 113|0x000000070ee00000, 0x000000070f000000, 0x000000070f000000|100%| E|CS|TAMS 0x000000070ee00000| PB 0x000000070ee00000| Complete |  0
| 114|0x000000070f000000, 0x000000070f200000, 0x000000070f200000|100%| E|CS|TAMS 0x000000070f000000| PB 0x000000070f000000| Complete |  0
| 115|0x000000070f200000, 0x000000070f400000, 0x000000070f400000|100%| E|CS|TAMS 0x000000070f200000| PB 0x000000070f200000| Complete |  0
| 116|0x000000070f400000, 0x000000070f600000, 0x000000070f600000|100%| E|CS|TAMS 0x000000070f400000| PB 0x000000070f400000| Complete |  0
| 117|0x000000070f600000, 0x000000070f800000, 0x000000070f800000|100%| E|CS|TAMS 0x000000070f600000| PB 0x000000070f600000| Complete |  0
| 118|0x000000070f800000, 0x000000070fa00000, 0x000000070fa00000|100%| E|CS|TAMS 0x000000070f800000| PB 0x000000070f800000| Complete |  0
| 119|0x000000070fa00000, 0x000000070fc00000, 0x000000070fc00000|100%| E|CS|TAMS 0x000000070fa00000| PB 0x000000070fa00000| Complete |  0
| 120|0x000000070fc00000, 0x000000070fe00000, 0x000000070fe00000|100%| E|CS|TAMS 0x000000070fc00000| PB 0x000000070fc00000| Complete |  0
| 121|0x000000070fe00000, 0x0000000710000000, 0x0000000710000000|100%| E|CS|TAMS 0x000000070fe00000| PB 0x000000070fe00000| Complete |  0
| 122|0x0000000710000000, 0x0000000710200000, 0x0000000710200000|100%| E|CS|TAMS 0x0000000710000000| PB 0x0000000710000000| Complete |  0
| 123|0x0000000710200000, 0x0000000710400000, 0x0000000710400000|100%| E|CS|TAMS 0x0000000710200000| PB 0x0000000710200000| Complete |  0
| 124|0x0000000710400000, 0x0000000710600000, 0x0000000710600000|100%| E|CS|TAMS 0x0000000710400000| PB 0x0000000710400000| Complete |  0
| 125|0x0000000710600000, 0x0000000710800000, 0x0000000710800000|100%| E|CS|TAMS 0x0000000710600000| PB 0x0000000710600000| Complete |  0
| 126|0x0000000710800000, 0x0000000710a00000, 0x0000000710a00000|100%| E|CS|TAMS 0x0000000710800000| PB 0x0000000710800000| Complete |  0
| 127|0x0000000710a00000, 0x0000000710c00000, 0x0000000710c00000|100%| E|CS|TAMS 0x0000000710a00000| PB 0x0000000710a00000| Complete |  0
|2041|0x00000007ffe00000, 0x00000007fff1d1c0, 0x0000000800000000| 55%| O|  |TAMS 0x00000007ffe00000| PB 0x00000007ffe00000| Untracked |  0

Card table byte_map: [0x00000275f86f0000,0x00000275f8ef0000] _byte_map_base: 0x00000275f4eea000

Marking Bits: (CMBitMap*) 0x00000275f555e640
 Bits: [0x00000275f8ef0000, 0x00000275fcec0000)

Polling page: 0x00000275f5630000

Metaspace:

Usage:
  Non-class:     14.90 MB used.
      Class:      1.60 MB used.
       Both:     16.50 MB used.

Virtual space:
  Non-class space:       64.00 MB reserved,      15.12 MB ( 24%) committed,  1 nodes.
      Class space:        1.00 GB reserved,       1.69 MB ( <1%) committed,  1 nodes.
             Both:        1.06 GB reserved,      16.81 MB (  2%) committed. 

Chunk freelists:
   Non-Class:  489.00 KB
       Class:  14.19 MB
        Both:  14.67 MB

MaxMetaspaceSize: unlimited
CompressedClassSpaceSize: 1.00 GB
Initial GC threshold: 21.00 MB
Current GC threshold: 21.00 MB
CDS: on
 - commit_granule_bytes: 65536.
 - commit_granule_words: 8192.
 - virtual_space_node_default_size: 8388608.
 - enlarge_chunks_in_place: 1.
UseCompressedClassPointers 1, UseCompactObjectHeaders 0
Narrow klass pointer bits 32, Max shift 3
Narrow klass base: 0x0000027598000000, Narrow klass shift: 0
Encoding Range: [0x0000027598000000 - 0x0000027698000000), (4294967296 bytes)
Klass Range:    [0x0000027598000000 - 0x00000275d9000000), (1090519040 bytes)
Klass ID Range:  [8 - 1090519033) (1090519025)


Internal statistics:

num_allocs_failed_limit: 0.
num_arena_births: 310.
num_arena_deaths: 0.
num_vsnodes_births: 2.
num_vsnodes_deaths: 0.
num_space_committed: 269.
num_space_uncommitted: 0.
num_chunks_returned_to_freelist: 0.
num_chunks_taken_from_freelist: 431.
num_chunk_merges: 0.
num_chunk_splits: 245.
num_chunks_enlarged: 89.
num_inconsistent_stats: 0.

CodeHeap 'non-profiled nmethods': size=120064Kb used=948Kb max_used=948Kb free=119115Kb
 bounds [0x00000275902a0000, 0x0000027590510000, 0x00000275977e0000]
CodeHeap 'profiled nmethods': size=120000Kb used=4121Kb max_used=4121Kb free=115878Kb
 bounds [0x00000275887e0000, 0x0000027588bf0000, 0x000002758fd10000]
CodeHeap 'non-nmethods': size=5696Kb used=1565Kb max_used=1625Kb free=4131Kb
 bounds [0x000002758fd10000, 0x000002758ff80000, 0x00000275902a0000]
CodeCache: size=245760Kb, used=6634Kb, max_used=6694Kb, free=239124Kb
 total_blobs=3391, nmethods=2650, adapters=646, full_count=0
Compilation: enabled, stopped_count=0, restarted_count=0

Compilation events (20 events):
Event: 3.156 Thread 0x00000275ffbe03a0 2642       3       sun.awt.SunToolkit::awtUnlock (7 bytes)
Event: 3.156 Thread 0x00000275ffbe03a0 nmethod 2642 0x0000027588be5f08 code [0x0000027588be6060, 0x0000027588be6480]
Event: 3.156 Thread 0x00000275ffbe03a0 2636       1       java.awt.Font::isTransformed (5 bytes)
Event: 3.156 Thread 0x00000275ffbe03a0 nmethod 2636 0x000002759038b688 code [0x000002759038b780, 0x000002759038b848]
Event: 3.156 Thread 0x00000275ffbe03a0 2637       1       java.awt.Font::getStyle (5 bytes)
Event: 3.156 Thread 0x00000275ffbe03a0 nmethod 2637 0x000002759038b988 code [0x000002759038ba80, 0x000002759038bb48]
Event: 3.156 Thread 0x00000275ffbe03a0 2643       1       sun.font.GlyphList::getNumGlyphs (5 bytes)
Event: 3.156 Thread 0x00000275ffbe03a0 nmethod 2643 0x000002759038bc88 code [0x000002759038bd80, 0x000002759038be48]
Event: 3.156 Thread 0x00000275ffbe03a0 2644       1       sun.font.GlyphList::getImages (5 bytes)
Event: 3.156 Thread 0x00000275ffbe03a0 nmethod 2644 0x000002759038bf88 code [0x000002759038c080, 0x000002759038c148]
Event: 3.156 Thread 0x00000275ffbe03a0 2645       1       sun.font.GlyphList::getX (5 bytes)
Event: 3.156 Thread 0x00000275ffbe03a0 nmethod 2645 0x000002759038c288 code [0x000002759038c380, 0x000002759038c448]
Event: 3.156 Thread 0x00000275ffbe03a0 2646       1       sun.font.GlyphList::getY (5 bytes)
Event: 3.156 Thread 0x00000275ffbe03a0 nmethod 2646 0x000002759038c588 code [0x000002759038c680, 0x000002759038c748]
Event: 3.156 Thread 0x00000275ffbe03a0 2647       1       sun.font.GlyphList::getStrike (5 bytes)
Event: 3.156 Thread 0x00000275ffbe03a0 nmethod 2647 0x000002759038c888 code [0x000002759038c980, 0x000002759038ca48]
Event: 3.156 Thread 0x00000275ffbe03a0 2648       1       sun.font.GlyphList::isSubPixPos (5 bytes)
Event: 3.156 Thread 0x00000275ffbe03a0 nmethod 2648 0x000002759038cb88 code [0x000002759038cc80, 0x000002759038cd48]
Event: 3.156 Thread 0x00000275ffbe03a0 2649       1       sun.font.GlyphList::isRGBOrder (5 bytes)
Event: 3.156 Thread 0x00000275ffbe03a0 nmethod 2649 0x000002759038ce88 code [0x000002759038cf80, 0x000002759038d048]

GC Heap History (0 events):
No events

Dll operation events (15 events):
Event: 0.008 Loaded shared library C:\Program Files\Java\jdk-24\bin\java.dll
Event: 0.031 Loaded shared library C:\Program Files\Java\jdk-24\bin\jsvml.dll
Event: 0.059 Loaded shared library C:\Program Files\Java\jdk-24\bin\zip.dll
Event: 0.062 Loaded shared library C:\Program Files\Java\jdk-24\bin\instrument.dll
Event: 0.065 Loaded shared library C:\Program Files\Java\jdk-24\bin\net.dll
Event: 0.067 Loaded shared library C:\Program Files\Java\jdk-24\bin\nio.dll
Event: 0.070 Loaded shared library C:\Program Files\Java\jdk-24\bin\zip.dll
Event: 0.085 Loaded shared library C:\Program Files\Java\jdk-24\bin\jimage.dll
Event: 0.087 Loaded shared library C:\Program Files\Java\jdk-24\bin\extnet.dll
Event: 0.116 Loaded shared library C:\Program Files\Java\jdk-24\bin\management.dll
Event: 0.122 Loaded shared library C:\Program Files\Java\jdk-24\bin\management_ext.dll
Event: 0.145 Loaded shared library C:\Program Files\Java\jdk-24\bin\awt.dll
Event: 0.677 Loaded shared library C:\Program Files\Java\jdk-24\bin\freetype.dll
Event: 0.678 Loaded shared library C:\Program Files\Java\jdk-24\bin\fontmanager.dll
Event: 2.964 Loaded shared library C:\Users\Miguel\AppData\Local\Temp\idea_libasyncProfiler_dll_temp_folder\libasyncProfiler.dll

Deoptimization events (20 events):
Event: 3.082 Thread 0x00000275ffbc8640 Uncommon trap: trap_request=0xffffffde fr.pc=0x0000027590370310 relative=0x0000000000000070
Event: 3.082 Thread 0x00000275ffbc8640 Uncommon trap: reason=class_check action=maybe_recompile pc=0x0000027590370310 method=jdk.jfr.FlightRecorderPermission$InternalAccess.getType(Ljava/lang/Object;)Ljdk/jfr/internal/Type; @ 18 c2
Event: 3.082 Thread 0x00000275ffbc8640 DEOPT PACKING pc=0x0000027590370310 sp=0x000000f3d71fe650
Event: 3.082 Thread 0x00000275ffbc8640 DEOPT UNPACKING pc=0x000002758fe26382 sp=0x000000f3d71fe5e8 mode 2
Event: 3.082 Thread 0x00000275ffbc8640 Uncommon trap: trap_request=0xffffffde fr.pc=0x0000027590370310 relative=0x0000000000000070
Event: 3.082 Thread 0x00000275ffbc8640 Uncommon trap: reason=class_check action=maybe_recompile pc=0x0000027590370310 method=jdk.jfr.FlightRecorderPermission$InternalAccess.getType(Ljava/lang/Object;)Ljdk/jfr/internal/Type; @ 18 c2
Event: 3.082 Thread 0x00000275ffbc8640 DEOPT PACKING pc=0x0000027590370310 sp=0x000000f3d71fe650
Event: 3.082 Thread 0x00000275ffbc8640 DEOPT UNPACKING pc=0x000002758fe26382 sp=0x000000f3d71fe5e8 mode 2
Event: 3.083 Thread 0x00000275ffbc8640 Uncommon trap: trap_request=0xffffffde fr.pc=0x0000027590370310 relative=0x0000000000000070
Event: 3.083 Thread 0x00000275ffbc8640 Uncommon trap: reason=class_check action=maybe_recompile pc=0x0000027590370310 method=jdk.jfr.FlightRecorderPermission$InternalAccess.getType(Ljava/lang/Object;)Ljdk/jfr/internal/Type; @ 18 c2
Event: 3.083 Thread 0x00000275ffbc8640 DEOPT PACKING pc=0x0000027590370310 sp=0x000000f3d71fe650
Event: 3.083 Thread 0x00000275ffbc8640 DEOPT UNPACKING pc=0x000002758fe26382 sp=0x000000f3d71fe5e8 mode 2
Event: 3.129 Thread 0x00000275ffbc8640 Uncommon trap: trap_request=0xffffff4d fr.pc=0x0000027590381fac relative=0x000000000000020c
Event: 3.129 Thread 0x00000275ffbc8640 Uncommon trap: reason=unstable_if action=reinterpret pc=0x0000027590381fac method=java.io.ByteArrayOutputStream.ensureCapacity(I)V @ 11 c2
Event: 3.129 Thread 0x00000275ffbc8640 DEOPT PACKING pc=0x0000027590381fac sp=0x000000f3d71fe7e0
Event: 3.129 Thread 0x00000275ffbc8640 DEOPT UNPACKING pc=0x000002758fe26382 sp=0x000000f3d71fe718 mode 2
Event: 3.131 Thread 0x00000275ffbc8640 Uncommon trap: trap_request=0xffffff4d fr.pc=0x0000027590382570 relative=0x00000000000003d0
Event: 3.131 Thread 0x00000275ffbc8640 Uncommon trap: reason=unstable_if action=reinterpret pc=0x0000027590382570 method=java.io.ByteArrayOutputStream.ensureCapacity(I)V @ 11 c2
Event: 3.131 Thread 0x00000275ffbc8640 DEOPT PACKING pc=0x0000027590382570 sp=0x000000f3d71fe620
Event: 3.131 Thread 0x00000275ffbc8640 DEOPT UNPACKING pc=0x000002758fe26382 sp=0x000000f3d71fe500 mode 2

Classes loaded (20 events):
Event: 3.118 Loading class jdk/jfr/internal/MetadataWriter
Event: 3.118 Loading class jdk/jfr/internal/MetadataWriter done
Event: 3.118 Loading class jdk/jfr/internal/MetadataDescriptor$Element
Event: 3.118 Loading class jdk/jfr/internal/MetadataDescriptor$Element done
Event: 3.119 Loading class jdk/jfr/internal/MetadataDescriptor$Attribute
Event: 3.119 Loading class jdk/jfr/internal/MetadataDescriptor$Attribute done
Event: 3.126 Loading class jdk/jfr/internal/consumer/StringParser$Encoding
Event: 3.126 Loading class jdk/jfr/internal/consumer/StringParser$Encoding done
Event: 3.133 Loading class jdk/jfr/internal/consumer/RepositoryFiles
Event: 3.133 Loading class jdk/jfr/internal/consumer/RepositoryFiles done
Event: 3.135 Loading class jdk/jfr/internal/SettingsManager$InternalSetting
Event: 3.135 Loading class jdk/jfr/internal/SettingsManager$InternalSetting done
Event: 3.137 Loading class jdk/jfr/internal/util/Rate
Event: 3.137 Loading class jdk/jfr/internal/util/Rate done
Event: 3.137 Loading class jdk/jfr/internal/util/TimespanUnit
Event: 3.137 Loading class jdk/jfr/internal/util/TimespanUnit done
Event: 3.137 Loading class jdk/jfr/internal/util/ValueParser
Event: 3.137 Loading class jdk/jfr/internal/util/ValueParser done
Event: 3.138 Loading class jdk/jfr/internal/periodic/PeriodicType
Event: 3.138 Loading class jdk/jfr/internal/periodic/PeriodicType done

Classes unloaded (0 events):
No events

Classes redefined (0 events):
No events

Internal exceptions (20 events):
Event: 0.684 Thread 0x00000275f77d7350 Exception <a 'java/lang/NoSuchMethodError'{0x000000070ef7c088}: 'java.lang.Object java.lang.invoke.DirectMethodHandle$Holder.invokeInterface(java.lang.Object, java.lang.Object, long, long)'> (0x000000070ef7c088) 
thrown [s\open\src\hotspot\share\interpreter\linkResolver.cpp, line 805]
Event: 0.684 Thread 0x00000275f77d7350 Exception <a 'java/lang/NoSuchMethodError'{0x000000070ef94848}: 'void java.lang.invoke.DirectMethodHandle$Holder.invokeStaticInit(java.lang.Object, java.lang.Object, long, java.lang.Object)'> (0x000000070ef94848) 
thrown [s\open\src\hotspot\share\interpreter\linkResolver.cpp, line 805]
Event: 0.684 Thread 0x00000275f77d7350 Exception <a 'java/lang/NoSuchMethodError'{0x000000070ef9cfb8}: 'long java.lang.invoke.DirectMethodHandle$Holder.invokeStatic(java.lang.Object, long, long)'> (0x000000070ef9cfb8) 
thrown [s\open\src\hotspot\share\interpreter\linkResolver.cpp, line 805]
Event: 0.687 Thread 0x00000275f77d7350 Exception <a 'java/lang/NoSuchMethodError'{0x000000070efc5d50}: 'java.lang.Object java.lang.invoke.DirectMethodHandle$Holder.newInvokeSpecial(java.lang.Object, int, java.lang.Object)'> (0x000000070efc5d50) 
thrown [s\open\src\hotspot\share\interpreter\linkResolver.cpp, line 805]
Event: 0.713 Thread 0x00000275f77d7350 Exception <a 'java/lang/NoSuchMethodError'{0x000000070ed60c00}: 'void java.lang.invoke.DelegatingMethodHandle$Holder.reinvoke_L(java.lang.Object, java.lang.Object, java.lang.Object, java.lang.Object, long, long, float)'> (0x000000070ed60c00) 
thrown [s\open\src\hotspot\share\interpreter\linkResolver.cpp, line 805]
Event: 0.714 Thread 0x00000275f77d7350 Exception <a 'java/lang/NoSuchMethodError'{0x000000070ed80fd0}: 'java.lang.Object java.lang.invoke.DirectMethodHandle$Holder.invokeStatic(java.lang.Object, java.lang.Object, java.lang.Object, java.lang.Object, java.lang.Object, long)'> (0x000000070ed80fd0) 
thrown [s\open\src\hotspot\share\interpreter\linkResolver.cpp, line 805]
Event: 0.717 Thread 0x00000275f77d7350 Exception <a 'java/lang/NoSuchMethodError'{0x000000070edc4608}: 'float java.lang.invoke.DelegatingMethodHandle$Holder.reinvoke_L(java.lang.Object, java.lang.Object, java.lang.Object, java.lang.Object, long, long)'> (0x000000070edc4608) 
thrown [s\open\src\hotspot\share\interpreter\linkResolver.cpp, line 805]
Event: 0.745 Thread 0x00000275ddb2b200 Exception <a 'java/lang/NoSuchMethodError'{0x000000070f683610}: 'long java.lang.invoke.DirectMethodHandle$Holder.invokeVirtual(java.lang.Object, java.lang.Object)'> (0x000000070f683610) 
thrown [s\open\src\hotspot\share\interpreter\linkResolver.cpp, line 805]
Event: 0.745 Thread 0x00000275ddb2b200 Exception <a 'java/lang/NoSuchMethodError'{0x000000070f6938c0}: 'long java.lang.invoke.DelegatingMethodHandle$Holder.reinvoke_L(java.lang.Object, java.lang.Object)'> (0x000000070f6938c0) 
thrown [s\open\src\hotspot\share\interpreter\linkResolver.cpp, line 805]
Event: 0.749 Thread 0x00000275dd9b9370 Exception <a 'java/lang/NoSuchMethodError'{0x000000070eb02590}: 'void java.lang.invoke.DelegatingMethodHandle$Holder.reinvoke_L(java.lang.Object, java.lang.Object, java.lang.Object, java.lang.Object, long, long, int)'> (0x000000070eb02590) 
thrown [s\open\src\hotspot\share\interpreter\linkResolver.cpp, line 805]
Event: 0.750 Thread 0x00000275dd9b9370 Exception <a 'java/lang/NoSuchMethodError'{0x000000070eb2ce28}: 'void java.lang.invoke.DelegatingMethodHandle$Holder.reinvoke_L(java.lang.Object, java.lang.Object, java.lang.Object, java.lang.Object, long, long, long)'> (0x000000070eb2ce28) 
thrown [s\open\src\hotspot\share\interpreter\linkResolver.cpp, line 805]
Event: 0.790 Thread 0x00000275dd9b9370 Exception <a 'java/lang/NoSuchMethodError'{0x000000070eb85038}: 'void java.lang.invoke.DelegatingMethodHandle$Holder.reinvoke_L(java.lang.Object, java.lang.Object, java.lang.Object, java.lang.Object, long, long, double)'> (0x000000070eb85038) 
thrown [s\open\src\hotspot\share\interpreter\linkResolver.cpp, line 805]
Event: 3.047 Thread 0x00000275ffbc8640 Exception <a 'java/lang/NoSuchMethodError'{0x000000070e5932f8}: 'int java.lang.invoke.DirectMethodHandle$Holder.invokeStatic(java.lang.Object, java.lang.Object, java.lang.Object, java.lang.Object)'> (0x000000070e5932f8) 
thrown [s\open\src\hotspot\share\interpreter\linkResolver.cpp, line 805]
Event: 3.107 Thread 0x00000275ffbc8640 Exception <a 'java/lang/NoSuchMethodError'{0x000000070e18d6a8}: 'void java.lang.invoke.DirectMethodHandle$Holder.invokeSpecial(java.lang.Object, java.lang.Object, int)'> (0x000000070e18d6a8) 
thrown [s\open\src\hotspot\share\interpreter\linkResolver.cpp, line 805]
Event: 3.107 Thread 0x00000275ffbc8640 Exception <a 'java/lang/NoSuchMethodError'{0x000000070e1952c8}: 'void java.lang.invoke.Invokers$Holder.invokeExact_MT(java.lang.Object, int, java.lang.Object)'> (0x000000070e1952c8) 
thrown [s\open\src\hotspot\share\interpreter\linkResolver.cpp, line 805]
Event: 3.108 Thread 0x00000275ffbc8640 Exception <a 'java/lang/NoSuchMethodError'{0x000000070e1af710}: 'void java.lang.invoke.DirectMethodHandle$Holder.invokeStatic(java.lang.Object, java.lang.Object, int)'> (0x000000070e1af710) 
thrown [s\open\src\hotspot\share\interpreter\linkResolver.cpp, line 805]
Event: 3.108 Thread 0x00000275ffbc8640 Exception <a 'java/lang/NoSuchMethodError'{0x000000070e1be618}: 'java.lang.Object java.lang.invoke.DirectMethodHandle$Holder.newInvokeSpecial(java.lang.Object, java.lang.Object, int)'> (0x000000070e1be618) 
thrown [s\open\src\hotspot\share\interpreter\linkResolver.cpp, line 805]
Event: 3.111 Thread 0x00000275ffbc8640 Exception <a 'sun/nio/fs/WindowsException'{0x000000070de07038}> (0x000000070de07038) 
thrown [s\open\src\hotspot\share\prims\jni.cpp, line 518]
Event: 3.113 Thread 0x00000275ffbc8640 Exception <a 'sun/nio/fs/WindowsException'{0x000000070de13e28}> (0x000000070de13e28) 
thrown [s\open\src\hotspot\share\prims\jni.cpp, line 518]
Event: 3.116 Thread 0x00000275ffbc8640 Exception <a 'sun/nio/fs/WindowsException'{0x000000070de25c00}> (0x000000070de25c00) 
thrown [s\open\src\hotspot\share\prims\jni.cpp, line 518]

VM Operations (20 events):
Event: 0.050 Executing VM operation: HandshakeAllThreads (Deoptimize)
Event: 0.050 Executing VM operation: HandshakeAllThreads (Deoptimize) done
Event: 0.100 Executing VM operation: HandshakeAllThreads (Deoptimize)
Event: 0.100 Executing VM operation: HandshakeAllThreads (Deoptimize) done
Event: 0.155 Executing VM operation: HandshakeAllThreads (Deoptimize)
Event: 0.155 Executing VM operation: HandshakeAllThreads (Deoptimize) done
Event: 0.293 Executing VM operation: HandshakeAllThreads (Deoptimize)
Event: 0.293 Executing VM operation: HandshakeAllThreads (Deoptimize) done
Event: 0.515 Executing VM operation: HandshakeAllThreads (Deoptimize)
Event: 0.515 Executing VM operation: HandshakeAllThreads (Deoptimize) done
Event: 0.617 Executing VM operation: HandshakeAllThreads (Deoptimize)
Event: 0.617 Executing VM operation: HandshakeAllThreads (Deoptimize) done
Event: 0.686 Executing VM operation: HandshakeAllThreads (Deoptimize)
Event: 0.686 Executing VM operation: HandshakeAllThreads (Deoptimize) done
Event: 0.817 Executing VM operation: HandshakeAllThreads (Deoptimize)
Event: 0.817 Executing VM operation: HandshakeAllThreads (Deoptimize) done
Event: 3.109 Executing VM operation: HandshakeAllThreads (Deoptimize)
Event: 3.109 Executing VM operation: HandshakeAllThreads (Deoptimize) done
Event: 3.133 Executing VM operation: JFRSafepointClear
Event: 3.133 Executing VM operation: JFRSafepointClear done

Memory protections (0 events):
No events

Nmethod flushes (0 events):
No events

Events (20 events):
Event: 0.178 Thread 0x00000275f77d7350 Thread added: 0x00000275dd397dd0
Event: 0.178 Thread 0x00000275f77d7350 Thread added: 0x00000275dd55f2c0
Event: 0.180 Thread 0x00000275ffbe03a0 Thread added: 0x00000275ffbe12c0
Event: 0.181 Thread 0x00000275ffbddb00 Thread added: 0x00000275ffbe3100
Event: 0.271 Thread 0x00000275ffbc8640 Thread added: 0x00000275ddad6900
Event: 0.278 Thread 0x00000275ddad6900 Thread added: 0x00000275ddb2b200
Event: 0.288 Thread 0x00000275ddb2b200 Thread added: 0x00000275dd84ba80
Event: 0.292 Thread 0x00000275ddb2b200 Thread added: 0x00000275dd9bb0b0
Event: 0.417 Thread 0x00000275f77d7350 Thread added: 0x00000275dd9b9ac0
Event: 0.643 Thread 0x00000275f77d7350 Thread added: 0x00000275dd9b9370
Event: 0.748 Thread 0x00000275f77d7350 Thread added: 0x00000275dd9ba960
Event: 0.772 Thread 0x00000275f77d7350 Thread exited: 0x00000275f77d7350
Event: 0.772 Thread 0x00000275dd9ba210 Thread added: 0x00000275dd9ba210
Event: 0.782 Thread 0x00000275dd9b9370 Thread added: 0x00000275dd9bb800
Event: 1.049 Thread 0x00000275ffbe12c0 Thread exited: 0x00000275ffbe12c0
Event: 1.049 Thread 0x00000275ffbe3100 Thread exited: 0x00000275ffbe3100
Event: 2.985 Thread 0x00000275ffbe03a0 Thread added: 0x00000275ffbe2970
Event: 2.986 Thread 0x00000275ffbe03a0 Thread added: 0x00000275ffbe3100
Event: 3.009 Thread 0x00000275ffbc8640 Thread added: 0x00000275de1a4d40
Event: 3.109 Thread 0x00000275ffbc8640 Thread added: 0x00000275de1a6a80


Dynamic libraries:
0x00007ff6fac50000 - 0x00007ff6fac60000 	C:\Program Files\Java\jdk-24\bin\java.exe
0x00007ffc76420000 - 0x00007ffc76685000 	C:\WINDOWS\SYSTEM32\ntdll.dll
0x00007ffc75560000 - 0x00007ffc75629000 	C:\WINDOWS\System32\KERNEL32.DLL
0x00007ffc73770000 - 0x00007ffc73b58000 	C:\WINDOWS\System32\KERNELBASE.dll
0x00007ffc73620000 - 0x00007ffc7376b000 	C:\WINDOWS\System32\ucrtbase.dll
0x00007ffc61f60000 - 0x00007ffc61f76000 	C:\Program Files\Java\jdk-24\bin\jli.dll
0x00007ffc61ac0000 - 0x00007ffc61adb000 	C:\Program Files\Java\jdk-24\bin\VCRUNTIME140.dll
0x00007ffc748a0000 - 0x00007ffc74a6a000 	C:\WINDOWS\System32\USER32.dll
0x00007ffc73e40000 - 0x00007ffc73e67000 	C:\WINDOWS\System32\win32u.dll
0x00007ffc62e30000 - 0x00007ffc630ca000 	C:\WINDOWS\WinSxS\amd64_microsoft.windows.common-controls_6595b64144ccf1df_6.0.26100.4202_none_3e0698d4e335f517\COMCTL32.dll
0x00007ffc74c90000 - 0x00007ffc74cbb000 	C:\WINDOWS\System32\GDI32.dll
0x00007ffc75a50000 - 0x00007ffc75af9000 	C:\WINDOWS\System32\msvcrt.dll
0x00007ffc73f00000 - 0x00007ffc74037000 	C:\WINDOWS\System32\gdi32full.dll
0x00007ffc73570000 - 0x00007ffc73613000 	C:\WINDOWS\System32\msvcp_win.dll
0x00007ffc75b80000 - 0x00007ffc75bb0000 	C:\WINDOWS\System32\IMM32.DLL
0x00007ffc61d40000 - 0x00007ffc61d4c000 	C:\Program Files\Java\jdk-24\bin\vcruntime140_1.dll
0x00007ffc60880000 - 0x00007ffc6090e000 	C:\Program Files\Java\jdk-24\bin\msvcp140.dll
0x00007ffc4c6b0000 - 0x00007ffc4d452000 	C:\Program Files\Java\jdk-24\bin\server\jvm.dll
0x00007ffc74e70000 - 0x00007ffc74f23000 	C:\WINDOWS\System32\ADVAPI32.dll
0x00007ffc74dc0000 - 0x00007ffc74e66000 	C:\WINDOWS\System32\sechost.dll
0x00007ffc74a70000 - 0x00007ffc74b85000 	C:\WINDOWS\System32\RPCRT4.dll
0x00007ffc741c0000 - 0x00007ffc74234000 	C:\WINDOWS\System32\WS2_32.dll
0x00007ffc72e60000 - 0x00007ffc72ebe000 	C:\WINDOWS\SYSTEM32\POWRPROF.dll
0x00007ffc6a400000 - 0x00007ffc6a435000 	C:\WINDOWS\SYSTEM32\WINMM.dll
0x00007ffc6d180000 - 0x00007ffc6d18b000 	C:\WINDOWS\SYSTEM32\VERSION.dll
0x00007ffc72e40000 - 0x00007ffc72e54000 	C:\WINDOWS\SYSTEM32\UMPDC.dll
0x00007ffc72330000 - 0x00007ffc7234b000 	C:\WINDOWS\SYSTEM32\kernel.appcore.dll
0x00007ffc61a50000 - 0x00007ffc61a5a000 	C:\Program Files\Java\jdk-24\bin\jimage.dll
0x00007ffc64f80000 - 0x00007ffc651c1000 	C:\WINDOWS\SYSTEM32\DBGHELP.DLL
0x00007ffc74fb0000 - 0x00007ffc75335000 	C:\WINDOWS\System32\combase.dll
0x00007ffc74cc0000 - 0x00007ffc74da1000 	C:\WINDOWS\System32\OLEAUT32.dll
0x00007ffc50c80000 - 0x00007ffc50cb9000 	C:\WINDOWS\SYSTEM32\dbgcore.DLL
0x00007ffc73b60000 - 0x00007ffc73bf9000 	C:\WINDOWS\System32\bcryptPrimitives.dll
0x00007ffc61a40000 - 0x00007ffc61a4f000 	C:\Program Files\Java\jdk-24\bin\instrument.dll
0x00007ffc61930000 - 0x00007ffc6194e000 	C:\Program Files\Java\jdk-24\bin\java.dll
0x00007ffc753b0000 - 0x00007ffc7554e000 	C:\WINDOWS\System32\ole32.dll
0x00007ffc75c90000 - 0x00007ffc763d2000 	C:\WINDOWS\System32\SHELL32.dll
0x00007ffc73cc0000 - 0x00007ffc73e34000 	C:\WINDOWS\System32\wintypes.dll
0x00007ffc71210000 - 0x00007ffc71a68000 	C:\WINDOWS\SYSTEM32\windows.storage.dll
0x00007ffc75950000 - 0x00007ffc75a41000 	C:\WINDOWS\System32\SHCORE.dll
0x00007ffc756e0000 - 0x00007ffc7574a000 	C:\WINDOWS\System32\shlwapi.dll
0x00007ffc73480000 - 0x00007ffc734af000 	C:\WINDOWS\SYSTEM32\profapi.dll
0x00007ffc60430000 - 0x00007ffc60507000 	C:\Program Files\Java\jdk-24\bin\jsvml.dll
0x00007ffc60840000 - 0x00007ffc60857000 	C:\Program Files\Java\jdk-24\bin\zip.dll
0x00007ffc61a30000 - 0x00007ffc61a40000 	C:\Program Files\Java\jdk-24\bin\net.dll
0x00007ffc728a0000 - 0x00007ffc7290a000 	C:\WINDOWS\system32\mswsock.dll
0x00007ffc60860000 - 0x00007ffc60876000 	C:\Program Files\Java\jdk-24\bin\nio.dll
0x00007ffc60820000 - 0x00007ffc60829000 	C:\Program Files\Java\jdk-24\bin\extnet.dll
0x00007ffc71da0000 - 0x00007ffc71ec7000 	C:\WINDOWS\SYSTEM32\DNSAPI.dll
0x00007ffc71d60000 - 0x00007ffc71d93000 	C:\WINDOWS\SYSTEM32\IPHLPAPI.DLL
0x00007ffc75350000 - 0x00007ffc7535a000 	C:\WINDOWS\System32\NSI.dll
0x00007ffc6c000000 - 0x00007ffc6c00b000 	C:\Windows\System32\rasadhlp.dll
0x00007ffc6d260000 - 0x00007ffc6d2e6000 	C:\WINDOWS\System32\fwpuclnt.dll
0x00007ffc606b0000 - 0x00007ffc606ba000 	C:\Program Files\Java\jdk-24\bin\management.dll
0x00007ffc606a0000 - 0x00007ffc606ab000 	C:\Program Files\Java\jdk-24\bin\management_ext.dll
0x00007ffc75340000 - 0x00007ffc75348000 	C:\WINDOWS\System32\PSAPI.DLL
0x00007ffc5fc90000 - 0x00007ffc5fe0f000 	C:\Program Files\Java\jdk-24\bin\awt.dll
0x00007ffc705f0000 - 0x00007ffc7068e000 	C:\WINDOWS\SYSTEM32\apphelp.dll
0x00007ffc70c70000 - 0x00007ffc70ca6000 	C:\WINDOWS\system32\DWMAPI.DLL
0x00007ffc707e0000 - 0x00007ffc7088f000 	C:\WINDOWS\system32\uxtheme.dll
0x00007ffc5f7f0000 - 0x00007ffc5f904000 	C:\WINDOWS\system32\opengl32.dll
0x00007ffc61d50000 - 0x00007ffc61d7d000 	C:\WINDOWS\SYSTEM32\GLU32.dll
0x00007ffc70950000 - 0x00007ffc7099d000 	C:\WINDOWS\SYSTEM32\dxcore.dll
0x00007ffc74240000 - 0x00007ffc743a0000 	C:\WINDOWS\System32\MSCTF.dll
0x00007ffbce890000 - 0x00007ffbcea47000 	C:\WINDOWS\system32\d3d9.dll
0x00007ffc6bdb0000 - 0x00007ffc6be72000 	C:\WINDOWS\System32\DriverStore\FileRepository\nv_dispi.inf_amd64_2c61c4d89b199ea8\nvldumdx.dll
0x00007ffc72c80000 - 0x00007ffc72c93000 	C:\WINDOWS\SYSTEM32\msasn1.dll
0x00007ffc6cea0000 - 0x00007ffc6cedb000 	C:\WINDOWS\SYSTEM32\cryptnet.dll
0x00007ffc74040000 - 0x00007ffc741b7000 	C:\WINDOWS\System32\CRYPT32.dll
0x00007ffc72b70000 - 0x00007ffc72b7c000 	C:\WINDOWS\SYSTEM32\cryptbase.dll
0x00007ffc72c10000 - 0x00007ffc72c73000 	C:\WINDOWS\SYSTEM32\wldp.dll
0x00007ffc6c670000 - 0x00007ffc6c7ec000 	C:\WINDOWS\SYSTEM32\drvstore.dll
0x00007ffc73230000 - 0x00007ffc7325d000 	C:\WINDOWS\SYSTEM32\devobj.dll
0x00007ffc731d0000 - 0x00007ffc73227000 	C:\WINDOWS\SYSTEM32\cfgmgr32.dll
0x00007ffc73e70000 - 0x00007ffc73ef4000 	C:\WINDOWS\System32\wintrust.dll
0x00007ffc75c50000 - 0x00007ffc75c70000 	C:\WINDOWS\System32\imagehlp.dll
0x00007ffc72b50000 - 0x00007ffc72b6b000 	C:\WINDOWS\SYSTEM32\CRYPTSP.dll
0x00007ffc72290000 - 0x00007ffc722ca000 	C:\WINDOWS\system32\rsaenh.dll
0x00007ffc73450000 - 0x00007ffc73476000 	C:\WINDOWS\SYSTEM32\bcrypt.dll
0x00007ffc65ba0000 - 0x00007ffc69652000 	C:\WINDOWS\System32\DriverStore\FileRepository\nv_dispi.inf_amd64_2c61c4d89b199ea8\nvgpucomp64.dll
0x00007ffc72940000 - 0x00007ffc7296b000 	C:\WINDOWS\SYSTEM32\USERENV.dll
0x00007ffc5e690000 - 0x00007ffc5e76c000 	C:\WINDOWS\System32\DriverStore\FileRepository\nv_dispi.inf_amd64_2c61c4d89b199ea8\NvMemMapStoragex.dll
0x00007ffc43220000 - 0x00007ffc43238000 	C:\WINDOWS\system32\napinsp.dll
0x00007ffc43200000 - 0x00007ffc43212000 	C:\WINDOWS\System32\winrnr.dll
0x00007ffc431c0000 - 0x00007ffc431f0000 	C:\WINDOWS\system32\nlansp_c.dll
0x00007ffc45770000 - 0x00007ffc45790000 	C:\WINDOWS\system32\wshbth.dll
0x00007ffbc71c0000 - 0x00007ffbc9447000 	C:\WINDOWS\System32\DriverStore\FileRepository\nv_dispi.inf_amd64_2c61c4d89b199ea8\nvd3dumx.dll
0x00007ffc709a0000 - 0x00007ffc70a01000 	C:\WINDOWS\SYSTEM32\directxdatabasehelper.dll
0x00007ffc5cec0000 - 0x00007ffc5cf0e000 	C:\WINDOWS\SYSTEM32\pdh.dll
0x00007ffc438f0000 - 0x00007ffc43bf6000 	C:\WINDOWS\system32\nvspcap64.dll
0x00007ffc72450000 - 0x00007ffc72486000 	C:\WINDOWS\SYSTEM32\ntmarta.dll
0x00007ffc72910000 - 0x00007ffc72937000 	C:\WINDOWS\SYSTEM32\gpapi.dll
0x00007ffbe04f0000 - 0x00007ffbe06a4000 	C:\WINDOWS\System32\DriverStore\FileRepository\nv_dispi.inf_amd64_2c61c4d89b199ea8\nvppex.dll
0x00007ffc61f40000 - 0x00007ffc61f52000 	C:\WINDOWS\System32\perfproc.dll
0x00007ffc5fc00000 - 0x00007ffc5fc87000 	C:\Program Files\Java\jdk-24\bin\freetype.dll
0x00007ffc5ec30000 - 0x00007ffc5ed07000 	C:\Program Files\Java\jdk-24\bin\fontmanager.dll
0x00007ffc53950000 - 0x00007ffc53961000 	C:\WINDOWS\System32\perfos.dll
0x00007ffc70910000 - 0x00007ffc70922000 	C:\WINDOWS\SYSTEM32\pfclient.dll
0x00007ffc647a0000 - 0x00007ffc648f0000 	C:\WINDOWS\SYSTEM32\textinputframework.dll
0x00007ffc6fee0000 - 0x00007ffc70005000 	C:\WINDOWS\SYSTEM32\CoreMessaging.dll
0x00007ffc6c9b0000 - 0x00007ffc6cc93000 	C:\WINDOWS\SYSTEM32\CoreUIComponents.dll
0x00007ffc4c4b0000 - 0x00007ffc4c6a8000 	C:\Users\Miguel\AppData\Local\Temp\idea_libasyncProfiler_dll_temp_folder\libasyncProfiler.dll

JVMTI agents:
C:\Program Files\JetBrains\IntelliJ IDEA 2025.1.2\lib\idea_rt.jar path:C:\Program Files\Java\jdk-24\bin\instrument.dll, loaded, initialized, instrumentlib options:50431

dbghelp: loaded successfully - version: 4.0.5 - missing functions: none
symbol engine: initialized successfully - sym options: 0x614 - pdb path: .;C:\Program Files\Java\jdk-24\bin;C:\WINDOWS\SYSTEM32;C:\WINDOWS\WinSxS\amd64_microsoft.windows.common-controls_6595b64144ccf1df_6.0.26100.4202_none_3e0698d4e335f517;C:\Program Files\Java\jdk-24\bin\server;C:\WINDOWS\System32\DriverStore\FileRepository\nv_dispi.inf_amd64_2c61c4d89b199ea8;C:\Users\Miguel\AppData\Local\Temp\idea_libasyncProfiler_dll_temp_folder

VM Arguments:
jvm_args: -javaagent:C:\Program Files\JetBrains\IntelliJ IDEA 2025.1.2\lib\idea_rt.jar=50431 -Dfile.encoding=UTF-8 -Dsun.stdout.encoding=UTF-8 -Dsun.stderr.encoding=UTF-8 
java_command: main.java.Logica.CookieClicker
java_class_path (initial): C:\Users\Miguel\Documents\GitHub\CookieClicker\out\production\CookieClicker
Launcher Type: SUN_STANDARD

[Global flags]
     intx CICompilerCount                          = 4                                         {product} {ergonomic}
     uint ConcGCThreads                            = 3                                         {product} {ergonomic}
     bool FlightRecorder                           = true                                      {product} {management}
     uint G1ConcRefinementThreads                  = 10                                        {product} {ergonomic}
   size_t G1HeapRegionSize                         = 2097152                                   {product} {ergonomic}
   size_t InitialHeapSize                          = 268435456                                 {product} {ergonomic}
   size_t MarkStackSize                            = 4194304                                   {product} {ergonomic}
   size_t MarkStackSizeMax                         = 536870912                                 {product} {ergonomic}
   size_t MaxHeapSize                              = 4282384384                                {product} {ergonomic}
   size_t MaxNewSize                               = 2569011200                                {product} {ergonomic}
   size_t MinHeapDeltaBytes                        = 2097152                                   {product} {ergonomic}
   size_t MinHeapSize                              = 8388608                                   {product} {ergonomic}
    uintx NonNMethodCodeHeapSize                   = 5832704                                {pd product} {ergonomic}
    uintx NonProfiledCodeHeapSize                  = 122945536                              {pd product} {ergonomic}
    uintx ProfiledCodeHeapSize                     = 122880000                              {pd product} {ergonomic}
    uintx ReservedCodeCacheSize                    = 251658240                              {pd product} {ergonomic}
     bool SegmentedCodeCache                       = true                                      {product} {ergonomic}
   size_t SoftMaxHeapSize                          = 4282384384                             {manageable} {ergonomic}
     bool UseCompressedOops                        = true                           {product lp64_product} {ergonomic}
     bool UseG1GC                                  = true                                      {product} {ergonomic}
     bool UseLargePagesIndividualAllocation        = false                                  {pd product} {ergonomic}

Logging:
Log output configuration:
 #0: stdout all=warning uptime,level,tags foldmultilines=false
 #1: stderr all=off uptime,level,tags foldmultilines=false

Environment Variables:
PATH=C:\Program Files\Common Files\Oracle\Java\javapath;C:\Program Files (x86)\Razer Chroma SDK\bin;C:\Program Files\Razer Chroma SDK\bin;C:\Program Files (x86)\Razer\ChromaBroadcast\bin;C:\Program Files\Razer\ChromaBroadcast\bin;C:\Windows\system32;C:\Windows;C:\Windows\System32\Wbem;C:\Windows\System32\WindowsPowerShell\v1.0\;C:\Windows\System32\OpenSSH\;C:\Program Files (x86)\NVIDIA Corporation\PhysX\Common;C:\Windows\system32\config\systemprofile\AppData\Local\Microsoft\WindowsApps;C:\WINDOWS\system32;C:\WINDOWS;C:\WINDOWS\System32\Wbem;C:\WINDOWS\System32\WindowsPowerShell\v1.0\;C:\WINDOWS\System32\OpenSSH\;C:\Program Files\Git\cmd;C:\Program Files\NVIDIA Corporation\NVIDIA app\NvDLISR;C:\Users\Miguel\AppData\Local\Programs\Python\Python313\Scripts\;C:\Users\Miguel\AppData\Local\Programs\Python\Python313\;C:\Users\Miguel\AppData\Local\Programs\Python\Launcher\;C:\Users\Miguel\AppData\Local\Microsoft\WindowsApps;C:\Programacin\Microsoft VS Code\bin;C:\Users\Miguel\AppData\Local\GitHubDesktop\bin;C:\Program Files\CodeLite;
USERNAME=Miguel
OS=Windows_NT
PROCESSOR_IDENTIFIER=AMD64 Family 23 Model 113 Stepping 0, AuthenticAMD
TMP=C:\Users\Miguel\AppData\Local\Temp
TEMP=C:\Users\Miguel\AppData\Local\Temp




Periodic native trim disabled

---------------  S Y S T E M  ---------------

OS:
 Windows 11 , 64 bit Build 26100 (10.0.26100.4202)
OS uptime: 0 days 1:30 hours

CPU: total 12 (initial active 12) (12 cores per cpu, 2 threads per core) family 23 model 113 stepping 0 microcode 0x8701021, cx8, cmov, fxsr, ht, mmx, 3dnowpref, sse, sse2, sse3, ssse3, sse4a, sse4.1, sse4.2, popcnt, lzcnt, tsc, tscinvbit, avx, avx2, aes, clmul, bmi1, bmi2, adx, sha, fma, vzeroupper, clflush, clflushopt, rdtscp, rdpid, f16c
Processor Information for the first 12 processors :
  Max Mhz: 3600, Current Mhz: 3600, Mhz Limit: 3600

Memory: 4k page, system-wide physical 16330M (6572M free)
TotalPageFile size 17354M (AvailPageFile size 5227M)
current process WorkingSet (physical memory assigned to process): 171M, peak: 171M
current process commit charge ("private bytes"): 458M, peak: 460M

vm_info: Java HotSpot(TM) 64-Bit Server VM (24.0.1+9-30) for windows-amd64 JRE (24.0.1+9-30), built on 2025-03-05T07:23:45Z with MS VC++ 17.6 (VS2022)

END.
